Using pre-set license
Built from '2020.3/staging' branch; Version is '2020.3.23f1 (c5d91304a876) revision 12966163'; Using compiler version '192528614'; Build Type 'Release'
OS: 'Windows 10 Pro; OS build 19043.1348; Version 2009; 64bit' Language: 'pt' Physical Memory: 7611 MB
BatchMode: 1, IsHumanControllingUs: 0, StartBugReporterOnCrash: 0, Is64bit: 1, IsPro: 0

COMMAND LINE ARGUMENTS:
C:\Program Files\Unity\Hub\Editor\2020.3.23f1\Editor\Unity.exe
-adb2
-batchMode
-noUpm
-name
AssetImportWorker0
-projectPath
C:/Users/Carlos/Documents/GitHub/move-ball/My project
-logFile
Logs/AssetImportWorker0.log
-srvPort
1033
Successfully changed project path to: C:/Users/Carlos/Documents/GitHub/move-ball/My project
C:/Users/Carlos/Documents/GitHub/move-ball/My project
Using Asset Import Pipeline V2.
Refreshing native plugins compatible for Editor in 43.16 ms, found 2 plugins.
Preloading 0 native plugins for Editor in 0.00 ms.
Initialize engine version: 2020.3.23f1 (c5d91304a876)
[Subsystems] Discovering subsystems at path C:/Program Files/Unity/Hub/Editor/2020.3.23f1/Editor/Data/Resources/UnitySubsystems
[Subsystems] Discovering subsystems at path C:/Users/Carlos/Documents/GitHub/move-ball/My project/Assets
GfxDevice: creating device client; threaded=0
Direct3D:
    Version:  Direct3D 11.0 [level 11.1]
    Renderer: AMD Radeon(TM) Vega 3 Graphics (ID=0x15d8)
    Vendor:   
    VRAM:     3805 MB
    Driver:   30.0.13025.1000
Initialize mono
Mono path[0] = 'C:/Program Files/Unity/Hub/Editor/2020.3.23f1/Editor/Data/Managed'
Mono path[1] = 'C:/Program Files/Unity/Hub/Editor/2020.3.23f1/Editor/Data/MonoBleedingEdge/lib/mono/unityjit'
Mono config path = 'C:/Program Files/Unity/Hub/Editor/2020.3.23f1/Editor/Data/MonoBleedingEdge/etc'
Using monoOptions --debugger-agent=transport=dt_socket,embedding=1,server=y,suspend=n,address=127.0.0.1:56252
Begin MonoManager ReloadAssembly
Registering precompiled unity dll's ...
Register platform support module: C:/Program Files/Unity/Hub/Editor/2020.3.23f1/Editor/Data/PlaybackEngines/WindowsStandaloneSupport/UnityEditor.WindowsStandalone.Extensions.dll
Registered in 0.002905 seconds.
Native extension for WindowsStandalone target not found
Refreshing native plugins compatible for Editor in 53.90 ms, found 2 plugins.
Preloading 0 native plugins for Editor in 0.00 ms.
Mono: successfully reloaded assembly
- Completed reload, in  0.855 seconds
Domain Reload Profiling:
	ReloadAssembly (855ms)
		BeginReloadAssembly (69ms)
			ExecutionOrderSort (0ms)
			DisableScriptedObjects (0ms)
			BackupInstance (0ms)
			ReleaseScriptingObjects (0ms)
			CreateAndSetChildDomain (1ms)
		EndReloadAssembly (682ms)
			LoadAssemblies (65ms)
			RebuildTransferFunctionScriptingTraits (0ms)
			SetupTypeCache (222ms)
			ReleaseScriptCaches (0ms)
			RebuildScriptCaches (53ms)
			SetupLoadedEditorAssemblies (261ms)
				LogAssemblyErrors (0ms)
				InitializePlatformSupportModulesInManaged (8ms)
				SetLoadedEditorAssemblies (0ms)
				RefreshPlugins (54ms)
				BeforeProcessingInitializeOnLoad (14ms)
				ProcessInitializeOnLoadAttributes (138ms)
				ProcessInitializeOnLoadMethodAttributes (46ms)
				AfterProcessingInitializeOnLoad (0ms)
				EditorAssembliesLoaded (0ms)
			ExecutionOrderSort2 (0ms)
			AwakeInstancesAfterBackupRestoration (0ms)
Platform modules already initialized, skipping
Registering precompiled user dll's ...
Registered in 0.008511 seconds.
Begin MonoManager ReloadAssembly
Native extension for WindowsStandalone target not found
Refreshing native plugins compatible for Editor in 0.66 ms, found 2 plugins.
Preloading 0 native plugins for Editor in 0.00 ms.
Mono: successfully reloaded assembly
- Completed reload, in  1.503 seconds
Domain Reload Profiling:
	ReloadAssembly (1504ms)
		BeginReloadAssembly (213ms)
			ExecutionOrderSort (0ms)
			DisableScriptedObjects (7ms)
			BackupInstance (0ms)
			ReleaseScriptingObjects (0ms)
			CreateAndSetChildDomain (25ms)
		EndReloadAssembly (1182ms)
			LoadAssemblies (129ms)
			RebuildTransferFunctionScriptingTraits (0ms)
			SetupTypeCache (459ms)
			ReleaseScriptCaches (0ms)
			RebuildScriptCaches (70ms)
			SetupLoadedEditorAssemblies (391ms)
				LogAssemblyErrors (0ms)
				InitializePlatformSupportModulesInManaged (8ms)
				SetLoadedEditorAssemblies (1ms)
				RefreshPlugins (1ms)
				BeforeProcessingInitializeOnLoad (97ms)
				ProcessInitializeOnLoadAttributes (262ms)
				ProcessInitializeOnLoadMethodAttributes (12ms)
				AfterProcessingInitializeOnLoad (10ms)
				EditorAssembliesLoaded (0ms)
			ExecutionOrderSort2 (0ms)
			AwakeInstancesAfterBackupRestoration (8ms)
Platform modules already initialized, skipping
========================================================================
Worker process is ready to serve import requests
Launched and connected shader compiler UnityShaderCompiler.exe after 0.07 seconds
Refreshing native plugins compatible for Editor in 0.78 ms, found 2 plugins.
Preloading 0 native plugins for Editor in 0.00 ms.
Unloading 1502 Unused Serialized files (Serialized files now loaded: 0)
System memory in use before: 67.6 MB.
System memory in use after: 67.7 MB.

Unloading 19 unused Assets to reduce memory usage. Loaded Objects now: 1934.
Total: 5.409700 ms (FindLiveObjects: 0.394300 ms CreateObjectMapping: 0.080200 ms MarkObjects: 4.841100 ms  DeleteObjects: 0.091900 ms)

AssetImportParameters requested are different than current active one (requested -> active):
  custom:framework-win-MediaFoundation: 216162199b28c13a410421893ffa2e32 -> 
  custom:video-decoder-ogg-theora: a1e56fd34408186e4bbccfd4996cb3dc -> 
  custom:container-muxer-webm: aa71ff27fc2769a1b78a27578f13a17b -> 
  custom:container-demuxer-webm: 4f35f7cbe854078d1ac9338744f61a02 -> 
  custom:container-demuxer-ogg: 62fdf1f143b41e24485cea50d1cbac27 -> 
  custom:video-encoder-webm-vp8: eb34c28f22e8b96e1ab97ce403110664 -> 
  custom:video-decoder-webm-vp8: 9c59270c3fd7afecdb556c50c9e8de78 -> 
  custom:audio-decoder-ogg-vorbis: bf7c407c2cedff20999df2af8eb42d56 -> 
  custom:audio-encoder-webm-vorbis: bf7c407c2cedff20999df2af8eb42d56 -> 
========================================================================
Received Import Request.
  path: Assets/Scenes/Level 3.unity
  artifactKey: Guid(18233be7fe11e1d4a96645406068f6b0) Importer(815301076,1909f56bfc062723c751e8b465ee728b)
Start importing Assets/Scenes/Level 3.unity using Guid(18233be7fe11e1d4a96645406068f6b0) Importer(815301076,1909f56bfc062723c751e8b465ee728b)  -> (artifact id: '4e811183cbab868b707e7a4217e4b32a') in 0.030782 seconds 
  Import took 0.033723 seconds .

========================================================================
Received Import Request.
  Time since last request: 91.012828 seconds.
  path: Assets/Scenes/Level 1.unity
  artifactKey: Guid(411d2be95fb6a6c4c9d62defec9e2960) Importer(815301076,1909f56bfc062723c751e8b465ee728b)
Start importing Assets/Scenes/Level 1.unity using Guid(411d2be95fb6a6c4c9d62defec9e2960) Importer(815301076,1909f56bfc062723c751e8b465ee728b)  -> (artifact id: 'b327605d0c00f33f05d67c0602260260') in 0.013689 seconds 
  Import took 0.017265 seconds .

========================================================================
Received Import Request.
  Time since last request: 1.911472 seconds.
  path: Assets/Scenes/Level 2.unity
  artifactKey: Guid(3c387723da54be6458877b392ed6cc51) Importer(815301076,1909f56bfc062723c751e8b465ee728b)
Start importing Assets/Scenes/Level 2.unity using Guid(3c387723da54be6458877b392ed6cc51) Importer(815301076,1909f56bfc062723c751e8b465ee728b)  -> (artifact id: 'e641e7e20cb492382fbe78a1a6cb4070') in 0.013508 seconds 
  Import took 0.017315 seconds .

========================================================================
Received Import Request.
  Time since last request: 0.712173 seconds.
  path: Assets/Scenes/Level 3.unity
  artifactKey: Guid(18233be7fe11e1d4a96645406068f6b0) Importer(815301076,1909f56bfc062723c751e8b465ee728b)
Start importing Assets/Scenes/Level 3.unity using Guid(18233be7fe11e1d4a96645406068f6b0) Importer(815301076,1909f56bfc062723c751e8b465ee728b)  -> (artifact id: '7d65de728ce537c9d2a7ef22de8e2193') in 0.005846 seconds 
  Import took 0.010538 seconds .

========================================================================
Received Import Request.
  Time since last request: 53.127653 seconds.
  path: Assets/Scenes/Level 4.unity
  artifactKey: Guid(0ddd777ddaa876649bb7c7547d21f8b4) Importer(815301076,1909f56bfc062723c751e8b465ee728b)
Start importing Assets/Scenes/Level 4.unity using Guid(0ddd777ddaa876649bb7c7547d21f8b4) Importer(815301076,1909f56bfc062723c751e8b465ee728b)  -> (artifact id: 'ef18b0530d12cf91a7b2d30662723222') in 0.013723 seconds 
  Import took 0.017109 seconds .

========================================================================
Received Prepare
Registering precompiled user dll's ...
Registered in 0.007947 seconds.
Begin MonoManager ReloadAssembly
Native extension for WindowsStandalone target not found
Refreshing native plugins compatible for Editor in 0.44 ms, found 2 plugins.
Preloading 0 native plugins for Editor in 0.00 ms.
Mono: successfully reloaded assembly
- Completed reload, in  1.420 seconds
Domain Reload Profiling:
	ReloadAssembly (1421ms)
		BeginReloadAssembly (158ms)
			ExecutionOrderSort (0ms)
			DisableScriptedObjects (8ms)
			BackupInstance (0ms)
			ReleaseScriptingObjects (0ms)
			CreateAndSetChildDomain (42ms)
		EndReloadAssembly (1174ms)
			LoadAssemblies (112ms)
			RebuildTransferFunctionScriptingTraits (0ms)
			SetupTypeCache (449ms)
			ReleaseScriptCaches (1ms)
			RebuildScriptCaches (51ms)
			SetupLoadedEditorAssemblies (370ms)
				LogAssemblyErrors (0ms)
				InitializePlatformSupportModulesInManaged (6ms)
				SetLoadedEditorAssemblies (1ms)
				RefreshPlugins (1ms)
				BeforeProcessingInitializeOnLoad (81ms)
				ProcessInitializeOnLoadAttributes (258ms)
				ProcessInitializeOnLoadMethodAttributes (12ms)
				AfterProcessingInitializeOnLoad (11ms)
				EditorAssembliesLoaded (0ms)
			ExecutionOrderSort2 (0ms)
			AwakeInstancesAfterBackupRestoration (10ms)
Platform modules already initialized, skipping
Refreshing native plugins compatible for Editor in 0.51 ms, found 2 plugins.
Preloading 0 native plugins for Editor in 0.00 ms.
Unloading 1496 Unused Serialized files (Serialized files now loaded: 0)
System memory in use before: 67.5 MB.
System memory in use after: 67.7 MB.

Unloading 14 unused Assets to reduce memory usage. Loaded Objects now: 1936.
Total: 6.360300 ms (FindLiveObjects: 0.993800 ms CreateObjectMapping: 0.119300 ms MarkObjects: 5.207000 ms  DeleteObjects: 0.035000 ms)

AssetImportParameters requested are different than current active one (requested -> active):
  custom:framework-win-MediaFoundation: 216162199b28c13a410421893ffa2e32 -> 
  custom:video-decoder-ogg-theora: a1e56fd34408186e4bbccfd4996cb3dc -> 
  custom:container-muxer-webm: aa71ff27fc2769a1b78a27578f13a17b -> 
  custom:container-demuxer-webm: 4f35f7cbe854078d1ac9338744f61a02 -> 
  custom:container-demuxer-ogg: 62fdf1f143b41e24485cea50d1cbac27 -> 
  custom:video-encoder-webm-vp8: eb34c28f22e8b96e1ab97ce403110664 -> 
  custom:video-decoder-webm-vp8: 9c59270c3fd7afecdb556c50c9e8de78 -> 
  custom:audio-decoder-ogg-vorbis: bf7c407c2cedff20999df2af8eb42d56 -> 
  custom:audio-encoder-webm-vorbis: bf7c407c2cedff20999df2af8eb42d56 -> 
========================================================================
Received Import Request.
  Time since last request: 79.898185 seconds.
  path: Assets/Scenes/Level 4.unity
  artifactKey: Guid(0ddd777ddaa876649bb7c7547d21f8b4) Importer(815301076,1909f56bfc062723c751e8b465ee728b)
Start importing Assets/Scenes/Level 4.unity using Guid(0ddd777ddaa876649bb7c7547d21f8b4) Importer(815301076,1909f56bfc062723c751e8b465ee728b)  -> (artifact id: 'c279496e0788551796ecbc9d33568f97') in 0.019343 seconds 
  Import took 0.022614 seconds .

========================================================================
Received Import Request.
  Time since last request: 19.183498 seconds.
  path: Assets/Scenes/Level 3.unity
  artifactKey: Guid(18233be7fe11e1d4a96645406068f6b0) Importer(815301076,1909f56bfc062723c751e8b465ee728b)
Start importing Assets/Scenes/Level 3.unity using Guid(18233be7fe11e1d4a96645406068f6b0) Importer(815301076,1909f56bfc062723c751e8b465ee728b)  -> (artifact id: '654f55448b87ea27c73dbcea310473d9') in 0.014270 seconds 
  Import took 0.017934 seconds .

========================================================================
Received Import Request.
  Time since last request: 2.004985 seconds.
  path: Assets/Scenes/Level 2.unity
  artifactKey: Guid(3c387723da54be6458877b392ed6cc51) Importer(815301076,1909f56bfc062723c751e8b465ee728b)
Start importing Assets/Scenes/Level 2.unity using Guid(3c387723da54be6458877b392ed6cc51) Importer(815301076,1909f56bfc062723c751e8b465ee728b)  -> (artifact id: 'e18c952fe76e37d9bf13283286d2a142') in 0.008644 seconds 
  Import took 0.012523 seconds .

========================================================================
Received Import Request.
  Time since last request: 29.380789 seconds.
  path: Assets/Scenes/Level 5.unity
  artifactKey: Guid(7290446bc57169647958943d941ea760) Importer(815301076,1909f56bfc062723c751e8b465ee728b)
Start importing Assets/Scenes/Level 5.unity using Guid(7290446bc57169647958943d941ea760) Importer(815301076,1909f56bfc062723c751e8b465ee728b)  -> (artifact id: '473d206602e72ea8a8313b54a14272c0') in 0.014045 seconds 
  Import took 0.017328 seconds .

========================================================================
Received Prepare
Registering precompiled user dll's ...
Registered in 0.007094 seconds.
Begin MonoManager ReloadAssembly
Native extension for WindowsStandalone target not found
Refreshing native plugins compatible for Editor in 0.47 ms, found 2 plugins.
Preloading 0 native plugins for Editor in 0.00 ms.
Mono: successfully reloaded assembly
- Completed reload, in  1.280 seconds
Domain Reload Profiling:
	ReloadAssembly (1281ms)
		BeginReloadAssembly (142ms)
			ExecutionOrderSort (0ms)
			DisableScriptedObjects (9ms)
			BackupInstance (0ms)
			ReleaseScriptingObjects (0ms)
			CreateAndSetChildDomain (39ms)
		EndReloadAssembly (1041ms)
			LoadAssemblies (131ms)
			RebuildTransferFunctionScriptingTraits (0ms)
			SetupTypeCache (368ms)
			ReleaseScriptCaches (1ms)
			RebuildScriptCaches (52ms)
			SetupLoadedEditorAssemblies (358ms)
				LogAssemblyErrors (0ms)
				InitializePlatformSupportModulesInManaged (8ms)
				SetLoadedEditorAssemblies (1ms)
				RefreshPlugins (1ms)
				BeforeProcessingInitializeOnLoad (80ms)
				ProcessInitializeOnLoadAttributes (247ms)
				ProcessInitializeOnLoadMethodAttributes (11ms)
				AfterProcessingInitializeOnLoad (10ms)
				EditorAssembliesLoaded (0ms)
			ExecutionOrderSort2 (0ms)
			AwakeInstancesAfterBackupRestoration (8ms)
Platform modules already initialized, skipping
Refreshing native plugins compatible for Editor in 0.39 ms, found 2 plugins.
Preloading 0 native plugins for Editor in 0.00 ms.
Unloading 1496 Unused Serialized files (Serialized files now loaded: 0)
System memory in use before: 67.6 MB.
System memory in use after: 67.7 MB.

Unloading 14 unused Assets to reduce memory usage. Loaded Objects now: 1938.
Total: 3.641900 ms (FindLiveObjects: 0.220600 ms CreateObjectMapping: 0.042200 ms MarkObjects: 3.340900 ms  DeleteObjects: 0.036500 ms)

AssetImportParameters requested are different than current active one (requested -> active):
  custom:framework-win-MediaFoundation: 216162199b28c13a410421893ffa2e32 -> 
  custom:video-decoder-ogg-theora: a1e56fd34408186e4bbccfd4996cb3dc -> 
  custom:container-muxer-webm: aa71ff27fc2769a1b78a27578f13a17b -> 
  custom:container-demuxer-webm: 4f35f7cbe854078d1ac9338744f61a02 -> 
  custom:container-demuxer-ogg: 62fdf1f143b41e24485cea50d1cbac27 -> 
  custom:video-encoder-webm-vp8: eb34c28f22e8b96e1ab97ce403110664 -> 
  custom:video-decoder-webm-vp8: 9c59270c3fd7afecdb556c50c9e8de78 -> 
  custom:audio-decoder-ogg-vorbis: bf7c407c2cedff20999df2af8eb42d56 -> 
  custom:audio-encoder-webm-vorbis: bf7c407c2cedff20999df2af8eb42d56 -> 
========================================================================
Received Import Request.
  Time since last request: 255.442244 seconds.
  path: Assets/Scenes/Level 5.unity
  artifactKey: Guid(7290446bc57169647958943d941ea760) Importer(815301076,1909f56bfc062723c751e8b465ee728b)
Start importing Assets/Scenes/Level 5.unity using Guid(7290446bc57169647958943d941ea760) Importer(815301076,1909f56bfc062723c751e8b465ee728b)  -> (artifact id: 'c4a62f1f2924e82905b5a9564fd005ee') in 0.019457 seconds 
  Import took 0.023188 seconds .

========================================================================
Received Import Request.
  Time since last request: 5.745615 seconds.
  path: Assets/Scenes/Level 1.unity
  artifactKey: Guid(411d2be95fb6a6c4c9d62defec9e2960) Importer(815301076,1909f56bfc062723c751e8b465ee728b)
Start importing Assets/Scenes/Level 1.unity using Guid(411d2be95fb6a6c4c9d62defec9e2960) Importer(815301076,1909f56bfc062723c751e8b465ee728b)  -> (artifact id: 'f01f3a55784da49ca1d1d7ac2c729259') in 0.007017 seconds 
  Import took 0.011248 seconds .

========================================================================
Received Import Request.
  Time since last request: 6.658519 seconds.
  path: Assets/Scenes/Level 3.unity
  artifactKey: Guid(18233be7fe11e1d4a96645406068f6b0) Importer(815301076,1909f56bfc062723c751e8b465ee728b)
Start importing Assets/Scenes/Level 3.unity using Guid(18233be7fe11e1d4a96645406068f6b0) Importer(815301076,1909f56bfc062723c751e8b465ee728b)  -> (artifact id: 'b192bda1fc40e429102fc5724eba0f6d') in 0.013181 seconds 
  Import took 0.016765 seconds .

========================================================================
Received Import Request.
  Time since last request: 38.186384 seconds.
  path: Assets/Scenes/Level 6.unity
  artifactKey: Guid(eea28104b043ec942b402eb053b35515) Importer(815301076,1909f56bfc062723c751e8b465ee728b)
Start importing Assets/Scenes/Level 6.unity using Guid(eea28104b043ec942b402eb053b35515) Importer(815301076,1909f56bfc062723c751e8b465ee728b)  -> (artifact id: '1fbcbeb90357bcde3284b51b66deadb7') in 0.013722 seconds 
  Import took 0.017185 seconds .

========================================================================
Received Import Request.
  Time since last request: 1.262638 seconds.
  path: Assets/Scenes/SampleScene.unity
  artifactKey: Guid(9fc0d4010bbf28b4594072e72b8655ab) Importer(815301076,1909f56bfc062723c751e8b465ee728b)
Start importing Assets/Scenes/SampleScene.unity using Guid(9fc0d4010bbf28b4594072e72b8655ab) Importer(815301076,1909f56bfc062723c751e8b465ee728b)  -> (artifact id: 'dcc088d1731b590f9572c6f2bab98c6a') in 0.011869 seconds 
  Import took 0.015747 seconds .

========================================================================
Received Import Request.
  Time since last request: 77.719628 seconds.
  path: Assets/Scenes/Level 6.unity
  artifactKey: Guid(eea28104b043ec942b402eb053b35515) Importer(815301076,1909f56bfc062723c751e8b465ee728b)
Start importing Assets/Scenes/Level 6.unity using Guid(eea28104b043ec942b402eb053b35515) Importer(815301076,1909f56bfc062723c751e8b465ee728b)  -> (artifact id: '5080a19277112e20b853a67d95bd3dda') in 0.005718 seconds 
  Import took 0.010115 seconds .

========================================================================
Received Import Request.
  Time since last request: 13.920271 seconds.
  path: Assets/Scenes/Level 7.unity
  artifactKey: Guid(229cea71e5e78b94f8cd7ee3ccb3f296) Importer(815301076,1909f56bfc062723c751e8b465ee728b)
Start importing Assets/Scenes/Level 7.unity using Guid(229cea71e5e78b94f8cd7ee3ccb3f296) Importer(815301076,1909f56bfc062723c751e8b465ee728b)  -> (artifact id: 'cd34fcd03b520beb08438590a773c1fd') in 0.013548 seconds 
  Import took 0.017454 seconds .

========================================================================
Received Import Request.
  Time since last request: 8.710296 seconds.
  path: Assets/Scenes/Level 8.unity
  artifactKey: Guid(399889e45e1c0af44b7bae3d1fd8b85e) Importer(815301076,1909f56bfc062723c751e8b465ee728b)
Start importing Assets/Scenes/Level 8.unity using Guid(399889e45e1c0af44b7bae3d1fd8b85e) Importer(815301076,1909f56bfc062723c751e8b465ee728b)  -> (artifact id: 'e22c4a2b93611cbe1512b70911371cbe') in 0.014146 seconds 
  Import took 0.017364 seconds .

========================================================================
Received Import Request.
  Time since last request: 14.034449 seconds.
  path: Assets/Scenes/Level 9.unity
  artifactKey: Guid(1b4103220149d994fba03ed6aea93d8a) Importer(815301076,1909f56bfc062723c751e8b465ee728b)
Start importing Assets/Scenes/Level 9.unity using Guid(1b4103220149d994fba03ed6aea93d8a) Importer(815301076,1909f56bfc062723c751e8b465ee728b)  -> (artifact id: '5c95e135ce4caef32581280ba833d57e') in 0.013790 seconds 
  Import took 0.016998 seconds .

========================================================================
Received Import Request.
  Time since last request: 42.068007 seconds.
  path: Assets/Scenes/Level 7.unity
  artifactKey: Guid(229cea71e5e78b94f8cd7ee3ccb3f296) Importer(815301076,1909f56bfc062723c751e8b465ee728b)
Start importing Assets/Scenes/Level 7.unity using Guid(229cea71e5e78b94f8cd7ee3ccb3f296) Importer(815301076,1909f56bfc062723c751e8b465ee728b)  -> (artifact id: 'b2de087d57a37ceea846ee2403a43566') in 0.005885 seconds 
  Import took 0.010731 seconds .

========================================================================
Received Prepare
Registering precompiled user dll's ...
Registered in 0.005873 seconds.
Begin MonoManager ReloadAssembly
Native extension for WindowsStandalone target not found
Refreshing native plugins compatible for Editor in 0.41 ms, found 2 plugins.
Preloading 0 native plugins for Editor in 0.00 ms.
Mono: successfully reloaded assembly
- Completed reload, in  1.232 seconds
Domain Reload Profiling:
	ReloadAssembly (1232ms)
		BeginReloadAssembly (143ms)
			ExecutionOrderSort (0ms)
			DisableScriptedObjects (6ms)
			BackupInstance (0ms)
			ReleaseScriptingObjects (0ms)
			CreateAndSetChildDomain (44ms)
		EndReloadAssembly (1003ms)
			LoadAssemblies (113ms)
			RebuildTransferFunctionScriptingTraits (0ms)
			SetupTypeCache (364ms)
			ReleaseScriptCaches (1ms)
			RebuildScriptCaches (44ms)
			SetupLoadedEditorAssemblies (366ms)
				LogAssemblyErrors (0ms)
				InitializePlatformSupportModulesInManaged (6ms)
				SetLoadedEditorAssemblies (1ms)
				RefreshPlugins (1ms)
				BeforeProcessingInitializeOnLoad (74ms)
				ProcessInitializeOnLoadAttributes (262ms)
				ProcessInitializeOnLoadMethodAttributes (12ms)
				AfterProcessingInitializeOnLoad (11ms)
				EditorAssembliesLoaded (0ms)
			ExecutionOrderSort2 (0ms)
			AwakeInstancesAfterBackupRestoration (8ms)
Platform modules already initialized, skipping
Refreshing native plugins compatible for Editor in 0.41 ms, found 2 plugins.
Preloading 0 native plugins for Editor in 0.00 ms.
Unloading 1496 Unused Serialized files (Serialized files now loaded: 0)
System memory in use before: 67.7 MB.
System memory in use after: 67.8 MB.

Unloading 14 unused Assets to reduce memory usage. Loaded Objects now: 1940.
Total: 3.778100 ms (FindLiveObjects: 0.194300 ms CreateObjectMapping: 0.046600 ms MarkObjects: 3.513700 ms  DeleteObjects: 0.021800 ms)

AssetImportParameters requested are different than current active one (requested -> active):
  custom:framework-win-MediaFoundation: 216162199b28c13a410421893ffa2e32 -> 
  custom:video-decoder-ogg-theora: a1e56fd34408186e4bbccfd4996cb3dc -> 
  custom:container-muxer-webm: aa71ff27fc2769a1b78a27578f13a17b -> 
  custom:container-demuxer-webm: 4f35f7cbe854078d1ac9338744f61a02 -> 
  custom:container-demuxer-ogg: 62fdf1f143b41e24485cea50d1cbac27 -> 
  custom:video-encoder-webm-vp8: eb34c28f22e8b96e1ab97ce403110664 -> 
  custom:video-decoder-webm-vp8: 9c59270c3fd7afecdb556c50c9e8de78 -> 
  custom:audio-decoder-ogg-vorbis: bf7c407c2cedff20999df2af8eb42d56 -> 
  custom:audio-encoder-webm-vorbis: bf7c407c2cedff20999df2af8eb42d56 -> 
========================================================================
Received Import Request.
  Time since last request: 111.108401 seconds.
  path: Assets/Scenes/Level 8.unity
  artifactKey: Guid(399889e45e1c0af44b7bae3d1fd8b85e) Importer(815301076,1909f56bfc062723c751e8b465ee728b)
Start importing Assets/Scenes/Level 8.unity using Guid(399889e45e1c0af44b7bae3d1fd8b85e) Importer(815301076,1909f56bfc062723c751e8b465ee728b)  -> (artifact id: '1f3afb23ee74019a0cb4e4a26840ea3b') in 0.015393 seconds 
  Import took 0.018898 seconds .

========================================================================
Received Import Request.
  Time since last request: 125.422678 seconds.
  path: Assets/Scenes/Level 10.unity
  artifactKey: Guid(210e091eaa70e164f9efd20a7621d33f) Importer(815301076,1909f56bfc062723c751e8b465ee728b)
Start importing Assets/Scenes/Level 10.unity using Guid(210e091eaa70e164f9efd20a7621d33f) Importer(815301076,1909f56bfc062723c751e8b465ee728b)  -> (artifact id: '66d5ae954593bf72b2a135de0f2ab062') in 0.020374 seconds 
  Import took 0.027555 seconds .

========================================================================
Received Prepare
Registering precompiled user dll's ...
Registered in 0.005943 seconds.
Begin MonoManager ReloadAssembly
Native extension for WindowsStandalone target not found
Refreshing native plugins compatible for Editor in 0.44 ms, found 2 plugins.
Preloading 0 native plugins for Editor in 0.00 ms.
Mono: successfully reloaded assembly
- Completed reload, in  1.442 seconds
Domain Reload Profiling:
	ReloadAssembly (1443ms)
		BeginReloadAssembly (218ms)
			ExecutionOrderSort (0ms)
			DisableScriptedObjects (9ms)
			BackupInstance (0ms)
			ReleaseScriptingObjects (0ms)
			CreateAndSetChildDomain (68ms)
		EndReloadAssembly (1096ms)
			LoadAssemblies (179ms)
			RebuildTransferFunctionScriptingTraits (0ms)
			SetupTypeCache (354ms)
			ReleaseScriptCaches (1ms)
			RebuildScriptCaches (61ms)
			SetupLoadedEditorAssemblies (394ms)
				LogAssemblyErrors (0ms)
				InitializePlatformSupportModulesInManaged (6ms)
				SetLoadedEditorAssemblies (1ms)
				RefreshPlugins (1ms)
				BeforeProcessingInitializeOnLoad (67ms)
				ProcessInitializeOnLoadAttributes (289ms)
				ProcessInitializeOnLoadMethodAttributes (19ms)
				AfterProcessingInitializeOnLoad (11ms)
				EditorAssembliesLoaded (0ms)
			ExecutionOrderSort2 (0ms)
			AwakeInstancesAfterBackupRestoration (12ms)
Platform modules already initialized, skipping
Refreshing native plugins compatible for Editor in 0.42 ms, found 2 plugins.
Preloading 0 native plugins for Editor in 0.00 ms.
Unloading 1496 Unused Serialized files (Serialized files now loaded: 0)
System memory in use before: 67.7 MB.
System memory in use after: 67.8 MB.

Unloading 14 unused Assets to reduce memory usage. Loaded Objects now: 1942.
Total: 4.610900 ms (FindLiveObjects: 0.278500 ms CreateObjectMapping: 0.064800 ms MarkObjects: 4.239600 ms  DeleteObjects: 0.025800 ms)

AssetImportParameters requested are different than current active one (requested -> active):
  custom:framework-win-MediaFoundation: 216162199b28c13a410421893ffa2e32 -> 
  custom:video-decoder-ogg-theora: a1e56fd34408186e4bbccfd4996cb3dc -> 
  custom:container-muxer-webm: aa71ff27fc2769a1b78a27578f13a17b -> 
  custom:container-demuxer-webm: 4f35f7cbe854078d1ac9338744f61a02 -> 
  custom:container-demuxer-ogg: 62fdf1f143b41e24485cea50d1cbac27 -> 
  custom:video-encoder-webm-vp8: eb34c28f22e8b96e1ab97ce403110664 -> 
  custom:video-decoder-webm-vp8: 9c59270c3fd7afecdb556c50c9e8de78 -> 
  custom:audio-decoder-ogg-vorbis: bf7c407c2cedff20999df2af8eb42d56 -> 
  custom:audio-encoder-webm-vorbis: bf7c407c2cedff20999df2af8eb42d56 -> 
========================================================================
Received Import Request.
  Time since last request: 288.249545 seconds.
  path: Assets/Scenes/Level 9.unity
  artifactKey: Guid(1b4103220149d994fba03ed6aea93d8a) Importer(815301076,1909f56bfc062723c751e8b465ee728b)
Start importing Assets/Scenes/Level 9.unity using Guid(1b4103220149d994fba03ed6aea93d8a) Importer(815301076,1909f56bfc062723c751e8b465ee728b)  -> (artifact id: '6d421bab3b602a30f8844e9d21358b9b') in 0.018566 seconds 
  Import took 0.021752 seconds .

========================================================================
Received Prepare
Registering precompiled user dll's ...
Registered in 0.005860 seconds.
Begin MonoManager ReloadAssembly
Native extension for WindowsStandalone target not found
Refreshing native plugins compatible for Editor in 0.42 ms, found 2 plugins.
Preloading 0 native plugins for Editor in 0.00 ms.
Mono: successfully reloaded assembly
- Completed reload, in  1.472 seconds
Domain Reload Profiling:
	ReloadAssembly (1472ms)
		BeginReloadAssembly (139ms)
			ExecutionOrderSort (0ms)
			DisableScriptedObjects (7ms)
			BackupInstance (0ms)
			ReleaseScriptingObjects (0ms)
			CreateAndSetChildDomain (41ms)
		EndReloadAssembly (1239ms)
			LoadAssemblies (123ms)
			RebuildTransferFunctionScriptingTraits (0ms)
			SetupTypeCache (372ms)
			ReleaseScriptCaches (1ms)
			RebuildScriptCaches (64ms)
			SetupLoadedEditorAssemblies (505ms)
				LogAssemblyErrors (0ms)
				InitializePlatformSupportModulesInManaged (8ms)
				SetLoadedEditorAssemblies (1ms)
				RefreshPlugins (1ms)
				BeforeProcessingInitializeOnLoad (81ms)
				ProcessInitializeOnLoadAttributes (391ms)
				ProcessInitializeOnLoadMethodAttributes (12ms)
				AfterProcessingInitializeOnLoad (10ms)
				EditorAssembliesLoaded (0ms)
			ExecutionOrderSort2 (0ms)
			AwakeInstancesAfterBackupRestoration (10ms)
Platform modules already initialized, skipping
Refreshing native plugins compatible for Editor in 0.40 ms, found 2 plugins.
Preloading 0 native plugins for Editor in 0.00 ms.
Unloading 1496 Unused Serialized files (Serialized files now loaded: 0)
System memory in use before: 67.7 MB.
System memory in use after: 67.8 MB.

Unloading 14 unused Assets to reduce memory usage. Loaded Objects now: 1944.
Total: 3.804200 ms (FindLiveObjects: 0.196700 ms CreateObjectMapping: 0.049200 ms MarkObjects: 3.528800 ms  DeleteObjects: 0.027400 ms)

AssetImportParameters requested are different than current active one (requested -> active):
  custom:framework-win-MediaFoundation: 216162199b28c13a410421893ffa2e32 -> 
  custom:video-decoder-ogg-theora: a1e56fd34408186e4bbccfd4996cb3dc -> 
  custom:container-muxer-webm: aa71ff27fc2769a1b78a27578f13a17b -> 
  custom:container-demuxer-webm: 4f35f7cbe854078d1ac9338744f61a02 -> 
  custom:container-demuxer-ogg: 62fdf1f143b41e24485cea50d1cbac27 -> 
  custom:video-encoder-webm-vp8: eb34c28f22e8b96e1ab97ce403110664 -> 
  custom:video-decoder-webm-vp8: 9c59270c3fd7afecdb556c50c9e8de78 -> 
  custom:audio-decoder-ogg-vorbis: bf7c407c2cedff20999df2af8eb42d56 -> 
  custom:audio-encoder-webm-vorbis: bf7c407c2cedff20999df2af8eb42d56 -> 
========================================================================
Received Import Request.
  Time since last request: 484.266969 seconds.
  path: Assets/Scenes/Level 2.unity
  artifactKey: Guid(3c387723da54be6458877b392ed6cc51) Importer(815301076,1909f56bfc062723c751e8b465ee728b)
Start importing Assets/Scenes/Level 2.unity using Guid(3c387723da54be6458877b392ed6cc51) Importer(815301076,1909f56bfc062723c751e8b465ee728b)  -> (artifact id: '59b4d129ba67d750e5cb7dcb93fa1154') in 0.019955 seconds 
  Import took 0.022921 seconds .

========================================================================
Received Import Request.
  Time since last request: 13.931571 seconds.
  path: Assets/Scenes/Level 2.unity
  artifactKey: Guid(3c387723da54be6458877b392ed6cc51) Importer(815301076,1909f56bfc062723c751e8b465ee728b)
Start importing Assets/Scenes/Level 2.unity using Guid(3c387723da54be6458877b392ed6cc51) Importer(815301076,1909f56bfc062723c751e8b465ee728b)  -> (artifact id: '8c18f3b261e88c9966c93e657db33c95') in 0.007958 seconds 
  Import took 0.011961 seconds .

========================================================================
Received Import Request.
  Time since last request: 12.628539 seconds.
  path: Assets/Scenes/Level 2.unity
  artifactKey: Guid(3c387723da54be6458877b392ed6cc51) Importer(815301076,1909f56bfc062723c751e8b465ee728b)
Start importing Assets/Scenes/Level 2.unity using Guid(3c387723da54be6458877b392ed6cc51) Importer(815301076,1909f56bfc062723c751e8b465ee728b)  -> (artifact id: '76ce40ab9c5ddecf3d096a237eb5817f') in 0.008376 seconds 
  Import took 0.012317 seconds .

========================================================================
Received Import Request.
  Time since last request: 6.532706 seconds.
  path: Assets/Scenes/Level 3.unity
  artifactKey: Guid(18233be7fe11e1d4a96645406068f6b0) Importer(815301076,1909f56bfc062723c751e8b465ee728b)
Start importing Assets/Scenes/Level 3.unity using Guid(18233be7fe11e1d4a96645406068f6b0) Importer(815301076,1909f56bfc062723c751e8b465ee728b)  -> (artifact id: '1947326db3d59975f41e10dcf5014f09') in 0.014050 seconds 
  Import took 0.017553 seconds .

========================================================================
Received Import Request.
  Time since last request: 74.601851 seconds.
  path: Assets/Scenes/Level 10.unity
  artifactKey: Guid(210e091eaa70e164f9efd20a7621d33f) Importer(815301076,1909f56bfc062723c751e8b465ee728b)
Start importing Assets/Scenes/Level 10.unity using Guid(210e091eaa70e164f9efd20a7621d33f) Importer(815301076,1909f56bfc062723c751e8b465ee728b)  -> (artifact id: 'f8f288cfd0529e63f42247e48aa12bdd') in 0.013023 seconds 
  Import took 0.016626 seconds .

========================================================================
Received Import Request.
  Time since last request: 6.711929 seconds.
  path: Assets/Scenes/Level 10.unity
  artifactKey: Guid(210e091eaa70e164f9efd20a7621d33f) Importer(815301076,1909f56bfc062723c751e8b465ee728b)
Start importing Assets/Scenes/Level 10.unity using Guid(210e091eaa70e164f9efd20a7621d33f) Importer(815301076,1909f56bfc062723c751e8b465ee728b)  -> (artifact id: '80da8a60ad28ac6ce2087a4438d3f1c1') in 0.008021 seconds 
  Import took 0.012268 seconds .

========================================================================
Received Prepare
Refreshing native plugins compatible for Editor in 15.73 ms, found 2 plugins.
Preloading 0 native plugins for Editor in 0.00 ms.
Unloading 12 Unused Serialized files (Serialized files now loaded: 0)
System memory in use before: 38.4 MB.
System memory in use after: 38.5 MB.

Unloading 12 unused Assets to reduce memory usage. Loaded Objects now: 1944.
Total: 9.376100 ms (FindLiveObjects: 0.300100 ms CreateObjectMapping: 0.081300 ms MarkObjects: 8.964900 ms  DeleteObjects: 0.028200 ms)

AssetImportParameters requested are different than current active one (requested -> active):
  custom:framework-win-MediaFoundation: 216162199b28c13a410421893ffa2e32 -> 
  custom:video-decoder-ogg-theora: a1e56fd34408186e4bbccfd4996cb3dc -> 
  custom:container-muxer-webm: aa71ff27fc2769a1b78a27578f13a17b -> 
  custom:container-demuxer-webm: 4f35f7cbe854078d1ac9338744f61a02 -> 
  custom:container-demuxer-ogg: 62fdf1f143b41e24485cea50d1cbac27 -> 
  custom:video-encoder-webm-vp8: eb34c28f22e8b96e1ab97ce403110664 -> 
  custom:video-decoder-webm-vp8: 9c59270c3fd7afecdb556c50c9e8de78 -> 
  custom:audio-decoder-ogg-vorbis: bf7c407c2cedff20999df2af8eb42d56 -> 
  custom:audio-encoder-webm-vorbis: bf7c407c2cedff20999df2af8eb42d56 -> 
========================================================================
Received Import Request.
  Time since last request: 99.929869 seconds.
  path: Assets/Scenes/Level 6.unity
  artifactKey: Guid(eea28104b043ec942b402eb053b35515) Importer(815301076,1909f56bfc062723c751e8b465ee728b)
Start importing Assets/Scenes/Level 6.unity using Guid(eea28104b043ec942b402eb053b35515) Importer(815301076,1909f56bfc062723c751e8b465ee728b)  -> (artifact id: '952879b9581af0251fe6a500f9b6491b') in 0.005707 seconds 
  Import took 0.010788 seconds .

========================================================================
Received Import Request.
  Time since last request: 8.539343 seconds.
  path: Assets/Scenes/Level 7.unity
  artifactKey: Guid(229cea71e5e78b94f8cd7ee3ccb3f296) Importer(815301076,1909f56bfc062723c751e8b465ee728b)
Start importing Assets/Scenes/Level 7.unity using Guid(229cea71e5e78b94f8cd7ee3ccb3f296) Importer(815301076,1909f56bfc062723c751e8b465ee728b)  -> (artifact id: '91ed1f996db2e2d9be580695927f7497') in 0.006741 seconds 
  Import took 0.011375 seconds .

========================================================================
Received Import Request.
  Time since last request: 7.636527 seconds.
  path: Assets/Scenes/Level 8.unity
  artifactKey: Guid(399889e45e1c0af44b7bae3d1fd8b85e) Importer(815301076,1909f56bfc062723c751e8b465ee728b)
Start importing Assets/Scenes/Level 8.unity using Guid(399889e45e1c0af44b7bae3d1fd8b85e) Importer(815301076,1909f56bfc062723c751e8b465ee728b)  -> (artifact id: 'a7cd78346fd77d1c1a8a05b4c1ae410b') in 0.012348 seconds 
  Import took 0.017584 seconds .

========================================================================
Received Import Request.
  Time since last request: 8.707202 seconds.
  path: Assets/Scenes/Level 9.unity
  artifactKey: Guid(1b4103220149d994fba03ed6aea93d8a) Importer(815301076,1909f56bfc062723c751e8b465ee728b)
Start importing Assets/Scenes/Level 9.unity using Guid(1b4103220149d994fba03ed6aea93d8a) Importer(815301076,1909f56bfc062723c751e8b465ee728b)  -> (artifact id: 'aa061861e993824a2090579d92371693') in 0.012877 seconds 
  Import took 0.016018 seconds .

========================================================================
Received Prepare
Refreshing native plugins compatible for Editor in 9.29 ms, found 2 plugins.
Preloading 0 native plugins for Editor in 0.00 ms.
Unloading 12 Unused Serialized files (Serialized files now loaded: 0)
System memory in use before: 38.4 MB.
System memory in use after: 38.5 MB.

Unloading 12 unused Assets to reduce memory usage. Loaded Objects now: 1944.
Total: 5.720500 ms (FindLiveObjects: 0.200600 ms CreateObjectMapping: 0.043000 ms MarkObjects: 5.453000 ms  DeleteObjects: 0.022200 ms)

AssetImportParameters requested are different than current active one (requested -> active):
  custom:framework-win-MediaFoundation: 216162199b28c13a410421893ffa2e32 -> 
  custom:video-decoder-ogg-theora: a1e56fd34408186e4bbccfd4996cb3dc -> 
  custom:container-muxer-webm: aa71ff27fc2769a1b78a27578f13a17b -> 
  custom:container-demuxer-webm: 4f35f7cbe854078d1ac9338744f61a02 -> 
  custom:container-demuxer-ogg: 62fdf1f143b41e24485cea50d1cbac27 -> 
  custom:video-encoder-webm-vp8: eb34c28f22e8b96e1ab97ce403110664 -> 
  custom:video-decoder-webm-vp8: 9c59270c3fd7afecdb556c50c9e8de78 -> 
  custom:audio-decoder-ogg-vorbis: bf7c407c2cedff20999df2af8eb42d56 -> 
  custom:audio-encoder-webm-vorbis: bf7c407c2cedff20999df2af8eb42d56 -> 
========================================================================
Received Import Request.
  Time since last request: 55.663615 seconds.
  path: Assets/Scenes/Level 4.unity
  artifactKey: Guid(0ddd777ddaa876649bb7c7547d21f8b4) Importer(815301076,1909f56bfc062723c751e8b465ee728b)
Start importing Assets/Scenes/Level 4.unity using Guid(0ddd777ddaa876649bb7c7547d21f8b4) Importer(815301076,1909f56bfc062723c751e8b465ee728b)  -> (artifact id: '430c270aa83869169b0abe34058d9afc') in 0.012707 seconds 
  Import took 0.016191 seconds .

========================================================================
Received Import Request.
  Time since last request: 2.075442 seconds.
  path: Assets/Scenes/Level 5.unity
  artifactKey: Guid(7290446bc57169647958943d941ea760) Importer(815301076,1909f56bfc062723c751e8b465ee728b)
Start importing Assets/Scenes/Level 5.unity using Guid(7290446bc57169647958943d941ea760) Importer(815301076,1909f56bfc062723c751e8b465ee728b)  -> (artifact id: '2767471583f0a67e87af1451c0257562') in 0.007624 seconds 
  Import took 0.011466 seconds .

AssetImportWorkerClient::OnTransportError - code=2 error=End of file
